2025-01-12 12:24:40 [32minfo[39m: Server running on port 4000
2025-01-12 12:25:05 [32minfo[39m: ::1 - - [12/Jan/2025:06:55:05 +0000] "GET /api/v1/club/events?clubId=676e759f523ad0726b9a1c29 HTTP/1.1" 304 - "http://localhost:3000/" "Mozilla/5.0 (Windows NT 10.0; Win64; x64) AppleWebKit/537.36 (KHTML, like Gecko) Chrome/131.0.0.0 Safari/537.36"
2025-01-12 12:28:07 info: Server running on port 4000
2025-01-12 12:28:21 info: GET | ::1 | /api/v1/club/events?clubId=676e759f523ad0726b9a1c29 | 304
2025-01-12 12:28:52 info: Server running on port 4000
2025-01-12 12:28:56 info: GET | /api/v1/club/events?clubId=676e759f523ad0726b9a1c29 | 304
2025-01-12 12:41:30 info: GET | /api/v1/club?email=code_soc@iiitr.ac.in | 403
2025-01-12 13:55:57 info: POST | /user/login | 400
2025-01-12 16:11:34 info: Server running on port 4000
2025-01-12 19:24:00 info: Server running on port 4000
2025-01-12 19:24:02 info: POST | /signup | 403
2025-01-12 19:24:34 info: POST | /signup | 403
2025-01-12 19:25:22 info: Server running on port 4000
2025-01-12 19:25:24 info: POST | /signup | 403
2025-01-12 19:27:02 info: Server running on port 4000
2025-01-12 19:27:05 info: POST | /signup | 401
2025-01-12 19:27:38 info: Server running on port 4000
2025-01-12 19:27:41 info: POST | /signup | 404
2025-01-12 19:28:36 info: POST | /user/signup | 400
2025-01-12 19:29:15 info: POST | /user/signup | 201
2025-01-12 19:30:57 info: POST | /user/login | 200
2025-01-12 19:40:19 info: POST | /user/login | 200
2025-01-12 19:41:03 info: POST | /user/login | 403
2025-01-12 19:41:24 info: POST | /user/login | 404
2025-01-12 19:41:28 info: POST | /user/login | 403
2025-01-12 19:41:40 info: POST | /user/login | 403
2025-01-12 19:41:53 info: POST | /user/login | 200
2025-01-12 21:24:46 info: Server running on port 4000
2025-01-12 21:54:55 info: POST | /user/login | 200
2025-01-12 22:02:17 info: POST | /user/login | 200
2025-01-12 22:05:45 info: POST | /user/login | 200
2025-01-12 22:06:27 info: GET | /api/v1/club/events | 200
2025-01-12 22:06:37 info: POST | /user/login | 200
2025-01-12 22:12:22 info: POST | /user/login | 200
2025-01-12 22:13:10 info: POST | /user/login | 200
2025-01-12 22:14:25 info: POST | /user/login | 200
2025-01-12 22:19:56 info: POST | /user/login | 200
2025-01-12 22:22:51 info: POST | /user/login | 200
2025-01-12 22:23:01 info: GET | /api/v1/club/events | 304
2025-01-12 22:28:39 info: GET | /api/v1/club?search=&ratingMin=0&ratingMax=5 | 200
2025-01-12 22:28:43 info: GET | /api/v1/club?search=&ratingMin=0&ratingMax=5 | 304
2025-01-12 22:28:45 info: GET | /api/v1/club?search=&ratingMin=0&ratingMax=5 | 304
2025-01-12 22:28:46 info: GET | /api/v1/club?search=&ratingMin=0&ratingMax=5 | 304
2025-01-12 22:28:53 info: GET | /api/v1/club?search=&ratingMin=0&ratingMax=5 | 304
2025-01-12 22:29:22 info: GET | /api/v1/club?search=&ratingMin=0&ratingMax=5 | 304
2025-01-12 22:29:28 info: GET | /api/v1/club?search=&ratingMin=0&ratingMax=5 | 304
2025-01-12 22:29:33 info: GET | /api/v1/club?search=&ratingMin=0&ratingMax=5 | 304
2025-01-12 22:29:37 info: GET | /api/v1/club?search=&ratingMin=0&ratingMax=5 | 304
2025-01-12 22:29:39 info: GET | /api/v1/club/events?clubId=676e759f523ad0726b9a1c29 | 200
2025-01-12 22:29:46 info: GET | /api/v1/club?search=&ratingMin=0&ratingMax=5 | 304
2025-01-12 22:31:01 info: POST | /user/login | 404
2025-01-12 22:31:07 info: POST | /user/login | 403
2025-01-12 22:31:11 info: POST | /user/login | 403
2025-01-12 22:33:06 info: POST | /user/login | 500
2025-01-12 22:33:18 info: POST | /user/login | 500
2025-01-12 22:40:20 info: PUT | /api/v1/club?id=676e759f523ad0726b9a1c29 | 403
2025-01-12 22:41:06 info: POST | /user/login | 200
2025-01-12 22:41:20 info: PUT | /api/v1/club?id=676e759f523ad0726b9a1c29 | 200
2025-01-12 22:43:06 info: POST | /user/login | 500
